<?xml version="1.0" encoding="UTF-8"?>
<!-- Generated by org.testng.reporters.JUnitXMLReporter -->
<testsuite ignored="0" hostname="Razin-Win11" failures="0" tests="3" name="ChromeTest" time="23.817" errors="0" timestamp="2025-03-24T21:39:33 EDT">
  <testcase classname="test.basicTests" name="autoSuggestDropdownTest" time="10.497"/>
  <testcase classname="test.basicTests" name="checkBoxCheck" time="4.14"/>
  <testcase classname="test.basicTests" name="numberOfCheckBoxesInPage" time="3.976"/>
</testsuite> <!-- ChromeTest -->
