<?xml version="1.0" encoding="UTF-8"?>
<testng-results ignored="0" total="3" passed="3" failed="0" skipped="0">
  <reporter-output>
  </reporter-output>
  <suite started-at="2025-03-24T21:39:09 EDT" name="Suite" finished-at="2025-03-24T21:39:33 EDT" duration-ms="23817">
    <groups>
    </groups>
    <test started-at="2025-03-24T21:39:09 EDT" name="ChromeTest" finished-at="2025-03-24T21:39:33 EDT" duration-ms="23817">
      <class name="test.basicTests">
        <test-method is-config="true" signature="initialize(java.lang.String)[pri:0, instance:test.basicTests@55141def]" started-at="2025-03-24T21:39:09 EDT" name="initialize" finished-at="2025-03-24T21:39:14 EDT" duration-ms="4648" status="PASS">
          <params>
            <param index="0">
              <value>
                <![CDATA[chrome]]>
              </value>
            </param>
          </params>
          <reporter-output>
          </reporter-output>
        </test-method> <!-- initialize -->
        <test-method signature="autoSuggestDropdownTest()[pri:0, instance:test.basicTests@55141def]" started-at="2025-03-24T21:39:14 EDT" name="autoSuggestDropdownTest" finished-at="2025-03-24T21:39:24 EDT" duration-ms="10497" status="PASS">
          <reporter-output>
          </reporter-output>
        </test-method> <!-- autoSuggestDropdownTest -->
        <test-method signature="checkBoxCheck()[pri:0, instance:test.basicTests@55141def]" started-at="2025-03-24T21:39:24 EDT" name="checkBoxCheck" finished-at="2025-03-24T21:39:28 EDT" duration-ms="4140" status="PASS">
          <reporter-output>
          </reporter-output>
        </test-method> <!-- checkBoxCheck -->
        <test-method signature="numberOfCheckBoxesInPage()[pri:0, instance:test.basicTests@55141def]" started-at="2025-03-24T21:39:28 EDT" name="numberOfCheckBoxesInPage" finished-at="2025-03-24T21:39:32 EDT" duration-ms="3976" status="PASS">
          <reporter-output>
          </reporter-output>
        </test-method> <!-- numberOfCheckBoxesInPage -->
        <test-method is-config="true" signature="endTest()[pri:0, instance:test.basicTests@55141def]" started-at="2025-03-24T21:39:32 EDT" name="endTest" finished-at="2025-03-24T21:39:33 EDT" duration-ms="508" status="PASS">
          <reporter-output>
          </reporter-output>
        </test-method> <!-- endTest -->
      </class> <!-- test.basicTests -->
    </test> <!-- ChromeTest -->
  </suite> <!-- Suite -->
</testng-results>
